[    1150ms] [WARNING] Error with Feature-Policy header: Some features are specified in both Feature-Policy and Permissions-Policy header: camera, display-capture, geolocation, microphone, payment, usb, xr-spatial-tracking. Values defined in Permissions-Policy header will be used. @ :0
[    1339ms] [ERROR] Failed to load resource: the server responded with a status of 406 () @ https://www.app.com/gcdn/authoring/authoring-images/2025/06/24/PAPP/84343767007-rt-88-wirefire-0624-d.jpg?crop=2399,1350,x0,y160&width=660&height=370&format=pjpg&auto=webp:0
[    1339ms] [ERROR] Failed to load resource: the server responded with a status of 406 () @ https://www.app.com/gcdn/authoring/authoring-images/2026/02/15/PAPP/88692983007-71-d-3-a-463-cb-0-a-46-f-28-db-92286-f-65-f-0312.jpg?crop=2047,1153,x0,y418&width=210&height=118&format=pjpg&auto=webp:0
[    1340ms] [ERROR] Failed to load resource: the server responded with a status of 406 () @ https://www.app.com/gcdn/authoring/authoring-images/2026/02/15/PAPP/88691007007-image-3.jpeg?crop=2804,1577,x0,y17&width=210&height=118&format=pjpg&auto=webp:0
[    1340ms] [ERROR] Failed to load resource: the server responded with a status of 406 () @ https://www.app.com/gcdn/authoring/authoring-images/2026/01/23/PAPP/88312010007-asbury-park-press-1929-02-15-page-1.jpg?crop=2787,1566,x0,y48&width=210&height=118&format=pjpg&auto=webp:0
[    1789ms] [WARNING] adgb - not initialized. @ https://cdn.taboola.com/libtrc/gannett-network/loader.js:63
[    2607ms] [ERROR] Failed to load resource: the server responded with a status of 406 () @ https://www.app.com/gcdn/authoring/authoring-images/2026/02/05/PAPP/88527117007-keyporthousing-0204-a.jpg?crop=3649,3647,x911,y0&width=75&height=75&format=pjpg&auto=webp:0
[    2675ms] [ERROR] Failed to load resource: the server responded with a status of 406 () @ https://www.app.com/gcdn/authoring/authoring-images/2026/01/21/PAPP/88274651007-lod-50.jpg?crop=1653,1652,x240,y0&width=75&height=75&format=pjpg&auto=webp:0
[    2676ms] [ERROR] Failed to load resource: the server responded with a status of 406 () @ https://www.app.com/gcdn/authoring/authoring-images/2026/02/13/USAT/88661035007-getty-images-451440570.jpg?crop=2848,2847,x428,y0&width=75&height=75&format=pjpg&auto=webp:0
[    2676ms] [ERROR] Failed to load resource: the server responded with a status of 406 () @ https://www.app.com/gcdn/-mm-/fedb04a9ce6a87ef5bf76d8e84c8c7d48c0b9e54/c=171-0-853-682/local/-/media/2017/11/28/Bergen/NorthJersey/636474638740672162-BX148-443D-9.JPG?crop=smart&fit=crop&width=75&height=75&format=pjpg&auto=webp:0
[    2676ms] [ERROR] Failed to load resource: the server responded with a status of 406 () @ https://www.app.com/gcdn/presto/2019/10/09/PAPP/6329245c-a409-472f-bb62-565a483bfb14-IMG_4990.JPG?crop=3024,3024,x403,y0&width=75&height=75&format=pjpg&auto=webp:0
[    2770ms] [ERROR] Failed to load resource: the server responded with a status of 406 () @ https://www.app.com/gcdn/authoring/authoring-images/2026/02/05/PAPP/88527117007-keyporthousing-0204-a.jpg?crop=5471,3078,x0,y182&width=3200&height=1801&format=pjpg&auto=webp:0
[    2771ms] [ERROR] Failed to load resource: the server responded with a status of 406 () @ https://www.app.com/gcdn/authoring/authoring-images/2026/02/13/USAT/88661035007-getty-images-451440570.jpg?crop=4287,2413,x0,y217&width=3200&height=1802&format=pjpg&auto=webp:0
[    2772ms] [ERROR] Failed to load resource: the server responded with a status of 406 () @ https://www.app.com/gcdn/-mm-/33986bd3d586f4501f784dc8d16e4361509a229a/c=0-52-1024-631/local/-/media/2017/11/28/Bergen/NorthJersey/636474638740672162-BX148-443D-9.JPG?width=1024&height=579&fit=crop&format=pjpg&auto=webp:0
[    2772ms] [ERROR] Failed to load resource: the server responded with a status of 406 () @ https://www.app.com/gcdn/authoring/authoring-images/2026/01/21/PAPP/88274651007-lod-50.jpg?crop=2399,1350,x0,y151&width=2399&height=1350&format=pjpg&auto=webp:0
[    2826ms] [ERROR] Failed to load resource: the server responded with a status of 406 () @ https://www.app.com/gcdn/presto/2019/10/09/PAPP/6329245c-a409-472f-bb62-565a483bfb14-IMG_4990.JPG?crop=4031,2268,x0,y373&width=3200&height=1801&format=pjpg&auto=webp:0
[    2848ms] [ERROR] Failed to load resource: the server responded with a status of 406 () @ https://www.app.com/gcdn/authoring/authoring-images/2026/02/09/USAT/88595147007-bad-bunny-020926.jpg?crop=2994,1684,x186,y0&width=160&height=90&format=pjpg&auto=webp:0
[    2988ms] [ERROR] Failed to load resource: the server responded with a status of 406 () @ https://www.app.com/gcdn/authoring/authoring-images/2026/02/14/PAPP/88683270007-img-4395.JPG?crop=3807,2142,x0,y571&width=160&height=90&format=pjpg&auto=webp:0
[    2989ms] [ERROR] Failed to load resource: the server responded with a status of 406 () @ https://www.app.com/gcdn/-mm-/abd7122f623f2360e90fbef4570b3d7f841b8d8b/c=0-21-400-246/local/-/media/2017/04/18/AsburyPark/B9327234257Z.1_20170418192239_000_GK7I43ET9.1-0.jpg?crop=smart&fit=crop&width=160&height=90&format=pjpg&auto=webp:0
[    2990ms] [ERROR] Failed to load resource: the server responded with a status of 406 () @ https://www.app.com/gcdn/authoring/authoring-images/2026/02/14/PAPP/88682090007-sc-tquarters-1-aa.jpg?crop=4354,2449,x0,y364&width=160&height=90&format=pjpg&auto=webp:0
[    2991ms] [ERROR] Failed to load resource: the server responded with a status of 406 () @ https://www.app.com/gcdn/authoring/authoring-images/2026/02/13/PTCN/88665234007-daytona-500-rain-clouds.jpg?crop=2741,1542,x0,y300&width=160&height=90&format=pjpg&auto=webp:0
[    2993ms] [ERROR] Failed to load resource: the server responded with a status of 406 () @ https://www.app.com/gcdn/authoring/authoring-images/2026/02/09/USAT/88595147007-bad-bunny-020926.jpg?crop=2994,1684,x186,y0&width=2994&height=1684&format=pjpg&auto=webp:0
[    3009ms] [ERROR] Failed to load resource: the server responded with a status of 400 () @ https://ups.analytics.yahoo.com/ups/58813/fed?gpp_sid=-1&v=1&url=https%3A%2F%2Fwww.app.com%2F:0
[    3104ms] [ERROR] Failed to load resource: the server responded with a status of 406 () @ https://www.app.com/gcdn/authoring/authoring-images/2026/02/14/PAPP/88683270007-img-4395.JPG?crop=3807,2142,x0,y571&width=3200&height=1801&format=pjpg&auto=webp:0
[    3105ms] [ERROR] Failed to load resource: the server responded with a status of 406 () @ https://www.app.com/gcdn/authoring/authoring-images/2026/02/13/PTCN/88665234007-daytona-500-rain-clouds.jpg?crop=2741,1542,x0,y300&width=2741&height=1542&format=pjpg&auto=webp:0
[    3105ms] [ERROR] Failed to load resource: the server responded with a status of 406 () @ https://www.app.com/gcdn/-mm-/abd7122f623f2360e90fbef4570b3d7f841b8d8b/c=0-21-400-246/local/-/media/2017/04/18/AsburyPark/B9327234257Z.1_20170418192239_000_GK7I43ET9.1-0.jpg?width=400&height=225&fit=crop&format=pjpg&auto=webp:0
[    3114ms] [ERROR] Failed to load resource: the server responded with a status of 406 () @ https://www.app.com/gcdn/authoring/authoring-images/2026/02/14/PAPP/88682090007-sc-tquarters-1-aa.jpg?crop=4354,2449,x0,y364&width=3200&height=1800&format=pjpg&auto=webp:0
[    3144ms] [WARNING] Placements With no Content: HP Shopping @ https://cdn.taboola.com/libtrc/gannett-network/loader.js:63
[    3290ms] [ERROR] Failed to load resource: the server responded with a status of 406 () @ https://www.app.com/gcdn/authoring/authoring-images/2026/01/28/USAT/88404129007-gty-2248297218.jpg?crop=2999,1687,x0,y156&width=160&height=90&format=pjpg&auto=webp:0
[    3291ms] [ERROR] Failed to load resource: the server responded with a status of 406 () @ https://www.app.com/gcdn/authoring/authoring-images/2026/01/21/PAPP/88274651007-lod-50.jpg?crop=2399,1350,x0,y151&width=160&height=90&format=pjpg&auto=webp:0
[    3292ms] [ERROR] Failed to load resource: the server responded with a status of 406 () @ https://www.app.com/gcdn/authoring/authoring-images/2026/02/11/PAPP/88627348007-freehold-distilling-company-3.jpeg?crop=4031,2268,x0,y0&width=160&height=90&format=pjpg&auto=webp:0
[    3424ms] [ERROR] Failed to load resource: the server responded with a status of 406 () @ https://www.app.com/gcdn/authoring/authoring-images/2026/01/28/USAT/88404129007-gty-2248297218.jpg?crop=2999,1687,x0,y156&width=2999&height=1687&format=pjpg&auto=webp:0
[    3425ms] [ERROR] Failed to load resource: the server responded with a status of 406 () @ https://www.app.com/gcdn/authoring/authoring-images/2026/02/11/PAPP/88627348007-freehold-distilling-company-3.jpeg?crop=4031,2268,x0,y0&width=3200&height=1801&format=pjpg&auto=webp:0
[    3431ms] [WARNING] Placements With no Content: Below Homepage Feed - Feed Redesign | Card 5 @ https://cdn.taboola.com/libtrc/gannett-network/loader.js:63
[    3490ms] [ERROR] Failed to load resource: the server responded with a status of 406 () @ https://www.app.com/gcdn/authoring/authoring-images/2026/01/21/PAPP/88274651007-lod-50.jpg?crop=2399,1350,x0,y151&width=2399&height=1350&format=pjpg&auto=webp:0
[    4814ms] [ERROR] Failed to load resource: the server responded with a status of 451 () @ https://api.rlcdn.com/api/identity/envelope?pid=13963:0
[    4916ms] [ERROR] Attestation check for Shared Storage on https://www.googleadservices.com failed. @ https://www.googleadservices.com/pagead/managed/js/activeview/current/reach_worklet.html:0
[   14941ms] [ERROR] Failed to load resource: net::ERR_NAME_NOT_RESOLVED @ https://dps.jp.cinarra.com/pxd?PLATFORM_ID=1&USER_ID=9872caec-5517-881e-ee5d-31fe6e394cfb:0
[   16914ms] [ERROR] Failed to load resource: net::ERR_CONNECTION_REFUSED @ https://cs.nex8.net/cs/openx:0
