[     656ms] [WARNING] Error with Feature-Policy header: Some features are specified in both Feature-Policy and Permissions-Policy header: camera, display-capture, geolocation, microphone, payment, usb, xr-spatial-tracking. Values defined in Permissions-Policy header will be used. @ :0
[     858ms] [ERROR] Failed to load resource: the server responded with a status of 406 () @ https://www.app.com/gcdn/authoring/authoring-images/2026/02/15/PAPP/88691007007-image-3.jpeg?crop=2804,1577,x0,y17&width=210&height=118&format=pjpg&auto=webp:0
[     858ms] [ERROR] Failed to load resource: the server responded with a status of 406 () @ https://www.app.com/gcdn/authoring/authoring-images/2026/02/15/PAPP/88692983007-71-d-3-a-463-cb-0-a-46-f-28-db-92286-f-65-f-0312.jpg?crop=2047,1153,x0,y418&width=210&height=118&format=pjpg&auto=webp:0
[     858ms] [ERROR] Failed to load resource: the server responded with a status of 406 () @ https://www.app.com/gcdn/authoring/authoring-images/2025/06/24/PAPP/84343767007-rt-88-wirefire-0624-d.jpg?crop=2399,1350,x0,y160&width=660&height=370&format=pjpg&auto=webp:0
[     858ms] [ERROR] Failed to load resource: the server responded with a status of 406 () @ https://www.app.com/gcdn/authoring/authoring-images/2026/01/23/PAPP/88312010007-asbury-park-press-1929-02-15-page-1.jpg?crop=2787,1566,x0,y48&width=210&height=118&format=pjpg&auto=webp:0
[    1463ms] [WARNING] adgb - not initialized. @ https://cdn.taboola.com/libtrc/gannett-network/loader.js:38
[    2045ms] [ERROR] Failed to load resource: the server responded with a status of 406 () @ https://www.app.com/gcdn/authoring/authoring-images/2026/02/13/USAT/88661035007-getty-images-451440570.jpg?crop=2848,2847,x428,y0&width=75&height=75&format=pjpg&auto=webp:0
[    2046ms] [ERROR] Failed to load resource: the server responded with a status of 406 () @ https://www.app.com/gcdn/authoring/authoring-images/2026/02/05/PAPP/88527117007-keyporthousing-0204-a.jpg?crop=3649,3647,x911,y0&width=75&height=75&format=pjpg&auto=webp:0
[    2047ms] [ERROR] Failed to load resource: the server responded with a status of 406 () @ https://www.app.com/gcdn/-mm-/fedb04a9ce6a87ef5bf76d8e84c8c7d48c0b9e54/c=171-0-853-682/local/-/media/2017/11/28/Bergen/NorthJersey/636474638740672162-BX148-443D-9.JPG?crop=smart&fit=crop&width=75&height=75&format=pjpg&auto=webp:0
[    2048ms] [ERROR] Failed to load resource: the server responded with a status of 406 () @ https://www.app.com/gcdn/authoring/authoring-images/2026/01/21/PAPP/88274651007-lod-50.jpg?crop=1653,1652,x240,y0&width=75&height=75&format=pjpg&auto=webp:0
[    2048ms] [ERROR] Failed to load resource: the server responded with a status of 406 () @ https://www.app.com/gcdn/presto/2019/10/09/PAPP/6329245c-a409-472f-bb62-565a483bfb14-IMG_4990.JPG?crop=3024,3024,x403,y0&width=75&height=75&format=pjpg&auto=webp:0
[    2115ms] [ERROR] Failed to load resource: the server responded with a status of 406 () @ https://www.app.com/gcdn/authoring/authoring-images/2026/02/13/USAT/88661035007-getty-images-451440570.jpg?crop=4287,2413,x0,y217&width=3200&height=1802&format=pjpg&auto=webp:0
[    2156ms] [ERROR] Failed to load resource: the server responded with a status of 406 () @ https://www.app.com/gcdn/authoring/authoring-images/2026/02/05/PAPP/88527117007-keyporthousing-0204-a.jpg?crop=5471,3078,x0,y182&width=3200&height=1801&format=pjpg&auto=webp:0
[    2157ms] [ERROR] Failed to load resource: the server responded with a status of 406 () @ https://www.app.com/gcdn/-mm-/33986bd3d586f4501f784dc8d16e4361509a229a/c=0-52-1024-631/local/-/media/2017/11/28/Bergen/NorthJersey/636474638740672162-BX148-443D-9.JPG?width=1024&height=579&fit=crop&format=pjpg&auto=webp:0
[    2157ms] [ERROR] Failed to load resource: the server responded with a status of 406 () @ https://www.app.com/gcdn/authoring/authoring-images/2026/01/21/PAPP/88274651007-lod-50.jpg?crop=2399,1350,x0,y151&width=2399&height=1350&format=pjpg&auto=webp:0
[    2158ms] [ERROR] Failed to load resource: the server responded with a status of 406 () @ https://www.app.com/gcdn/presto/2019/10/09/PAPP/6329245c-a409-472f-bb62-565a483bfb14-IMG_4990.JPG?crop=4031,2268,x0,y373&width=3200&height=1801&format=pjpg&auto=webp:0
[    2211ms] [ERROR] Failed to load resource: the server responded with a status of 406 () @ https://www.app.com/gcdn/authoring/authoring-images/2026/02/09/USAT/88595147007-bad-bunny-020926.jpg?crop=2994,1684,x186,y0&width=160&height=90&format=pjpg&auto=webp:0
[    2212ms] [ERROR] Failed to load resource: the server responded with a status of 406 () @ https://www.app.com/gcdn/-mm-/abd7122f623f2360e90fbef4570b3d7f841b8d8b/c=0-21-400-246/local/-/media/2017/04/18/AsburyPark/B9327234257Z.1_20170418192239_000_GK7I43ET9.1-0.jpg?crop=smart&fit=crop&width=160&height=90&format=pjpg&auto=webp:0
[    2212ms] [ERROR] Failed to load resource: the server responded with a status of 406 () @ https://www.app.com/gcdn/authoring/authoring-images/2026/02/14/PAPP/88682090007-sc-tquarters-1-aa.jpg?crop=4354,2449,x0,y364&width=160&height=90&format=pjpg&auto=webp:0
[    2212ms] [ERROR] Failed to load resource: the server responded with a status of 406 () @ https://www.app.com/gcdn/authoring/authoring-images/2026/02/13/PTCN/88665234007-daytona-500-rain-clouds.jpg?crop=2741,1542,x0,y300&width=160&height=90&format=pjpg&auto=webp:0
[    2213ms] [ERROR] Failed to load resource: the server responded with a status of 406 () @ https://www.app.com/gcdn/authoring/authoring-images/2026/02/14/PAPP/88683270007-img-4395.JPG?crop=3807,2142,x0,y571&width=160&height=90&format=pjpg&auto=webp:0
[    2368ms] [ERROR] Failed to load resource: the server responded with a status of 406 () @ https://www.app.com/gcdn/authoring/authoring-images/2026/02/09/USAT/88595147007-bad-bunny-020926.jpg?crop=2994,1684,x186,y0&width=2994&height=1684&format=pjpg&auto=webp:0
[    2395ms] [ERROR] Failed to load resource: the server responded with a status of 406 () @ https://www.app.com/gcdn/authoring/authoring-images/2026/02/14/PAPP/88682090007-sc-tquarters-1-aa.jpg?crop=4354,2449,x0,y364&width=3200&height=1800&format=pjpg&auto=webp:0
[    2396ms] [ERROR] Failed to load resource: the server responded with a status of 406 () @ https://www.app.com/gcdn/-mm-/abd7122f623f2360e90fbef4570b3d7f841b8d8b/c=0-21-400-246/local/-/media/2017/04/18/AsburyPark/B9327234257Z.1_20170418192239_000_GK7I43ET9.1-0.jpg?width=400&height=225&fit=crop&format=pjpg&auto=webp:0
[    2401ms] [ERROR] Failed to load resource: the server responded with a status of 406 () @ https://www.app.com/gcdn/authoring/authoring-images/2026/02/13/PTCN/88665234007-daytona-500-rain-clouds.jpg?crop=2741,1542,x0,y300&width=2741&height=1542&format=pjpg&auto=webp:0
[    2402ms] [ERROR] Failed to load resource: the server responded with a status of 406 () @ https://www.app.com/gcdn/authoring/authoring-images/2026/02/14/PAPP/88683270007-img-4395.JPG?crop=3807,2142,x0,y571&width=3200&height=1801&format=pjpg&auto=webp:0
[    2410ms] [WARNING] Placements With no Content: HP Shopping @ https://cdn.taboola.com/libtrc/gannett-network/loader.js:38
[    2549ms] [ERROR] Failed to load resource: the server responded with a status of 406 () @ https://www.app.com/gcdn/authoring/authoring-images/2026/01/21/PAPP/88274651007-lod-50.jpg?crop=2399,1350,x0,y151&width=160&height=90&format=pjpg&auto=webp:0
[    2549ms] [ERROR] Failed to load resource: the server responded with a status of 406 () @ https://www.app.com/gcdn/authoring/authoring-images/2026/02/11/PAPP/88627348007-freehold-distilling-company-3.jpeg?crop=4031,2268,x0,y0&width=160&height=90&format=pjpg&auto=webp:0
[    2550ms] [ERROR] Failed to load resource: the server responded with a status of 406 () @ https://www.app.com/gcdn/authoring/authoring-images/2026/01/28/USAT/88404129007-gty-2248297218.jpg?crop=2999,1687,x0,y156&width=160&height=90&format=pjpg&auto=webp:0
[    2718ms] [ERROR] Failed to load resource: the server responded with a status of 406 () @ https://www.app.com/gcdn/authoring/authoring-images/2026/01/21/PAPP/88274651007-lod-50.jpg?crop=2399,1350,x0,y151&width=2399&height=1350&format=pjpg&auto=webp:0
[    2718ms] [ERROR] Failed to load resource: the server responded with a status of 406 () @ https://www.app.com/gcdn/authoring/authoring-images/2026/02/11/PAPP/88627348007-freehold-distilling-company-3.jpeg?crop=4031,2268,x0,y0&width=3200&height=1801&format=pjpg&auto=webp:0
[    2719ms] [ERROR] Failed to load resource: the server responded with a status of 406 () @ https://www.app.com/gcdn/authoring/authoring-images/2026/01/28/USAT/88404129007-gty-2248297218.jpg?crop=2999,1687,x0,y156&width=2999&height=1687&format=pjpg&auto=webp:0
[    2721ms] [ERROR] Failed to load resource: the server responded with a status of 400 () @ https://ups.analytics.yahoo.com/ups/58813/fed?gpp_sid=-1&v=1&url=https%3A%2F%2Fwww.app.com%2F:0
[    2766ms] [WARNING] Placements With no Content: Below Homepage Feed - Feed Redesign | Card 5 @ https://cdn.taboola.com/libtrc/gannett-network/loader.js:38
[    3855ms] [ERROR] Attestation check for Shared Storage on https://www.googleadservices.com failed. @ https://www.googleadservices.com/pagead/managed/js/activeview/current/reach_worklet.html:0
[    5238ms] [ERROR] Failed to load resource: the server responded with a status of 503 () @ https://cs-server-s2s.yellowblue.io/sync-iframe?gdpr=0&gdpr_consent=&redirect=https%3A%2F%2Fs.ad.smaato.net%2Fc%2F%3FdspId%3D723%26dspCookie%3D%7BpartnerId%7D%26gdpr%3D0%26gdpr_consent%3D:0
[    6062ms] [ERROR] Refused to display 'https://evt.undertone.com/' in a frame because it set 'X-Frame-Options' to 'deny'. @ chrome-error://chromewebdata/:0
[    6062ms] [ERROR] Refused to display 'https://evt.undertone.com/' in a frame because it set 'X-Frame-Options' to 'deny'. @ chrome-error://chromewebdata/:0
[    9886ms] [ERROR] Refused to display 'https://evt.undertone.com/' in a frame because it set 'X-Frame-Options' to 'deny'. @ chrome-error://chromewebdata/:0
[   14861ms] [ERROR] Failed to load resource: net::ERR_NAME_NOT_RESOLVED @ https://dps.jp.cinarra.com/pxd?PLATFORM_ID=1&USER_ID=7a236356-7751-8999-f7a6-a4004a497833:0
[   16856ms] [ERROR] Failed to load resource: net::ERR_CONNECTION_REFUSED @ https://cs.nex8.net/cs/openx:0
[   21824ms] [ERROR] Failed to load resource: net::ERR_CONNECTION_TIMED_OUT @ https://gum.criteo.com/sid/json?origin=prebid&pbt=1&lsw=1&topUrl=https%3A%2F%2Fwww.app.com%2F%3Fvariant%3Db&domain=www.app.com:0
[   22539ms] [ERROR] Failed to load resource: net::ERR_CONNECTION_TIMED_OUT @ https://gum.criteo.com/sync?c=72&r=2&j=TRC.getRTUS:0
[   22541ms] [WARNING] Error during RTUS loading asset file:  {reason: script: https://gum.criteo.com/sync?c=72&r=2&j=TRC.getRTUS, isInfo: true} @ https://cdn.taboola.com/libtrc/gannett-network/loader.js:38
[   14861ms] [ERROR] Failed to load resource: net::ERR_NAME_NOT_RESOLVED @ https://dps.jp.cinarra.com/pxd?PLATFORM_ID=1&USER_ID=7a236356-7751-8999-f7a6-a4004a497833:0
[   16856ms] [ERROR] Failed to load resource: net::ERR_CONNECTION_REFUSED @ https://cs.nex8.net/cs/openx:0
[   39971ms] [WARNING] The resource https://www.app.com/global-q1a2z32er+CyyEkg4S2llcfyqK7cX3rtM.min.json was preloaded using link preload but not used within a few seconds from the window's load event. Please make sure it has an appropriate `as` value and it is preloaded intentionally. @ https://www.app.com/?variant=b:0
[   40114ms] [ERROR] Failed to load resource: net::ERR_NAME_NOT_RESOLVED @ https://match.rundsp.com/redirect?ex=openx:0
[    5238ms] [ERROR] Failed to load resource: the server responded with a status of 503 () @ https://cs-server-s2s.yellowblue.io/sync-iframe?gdpr=0&gdpr_consent=&redirect=https%3A%2F%2Fs.ad.smaato.net%2Fc%2F%3FdspId%3D723%26dspCookie%3D%7BpartnerId%7D%26gdpr%3D0%26gdpr_consent%3D:0
[   41095ms] [ERROR] Failed to load resource: the server responded with a status of 410 (Gone) @ https://ads.stickyadstv.com/pbs-user-sync?gdpr=&gdpr_consent=&us_privacy=&gpp=&gpp_sid=&r=https%3A%2F%2Fcookies.nextmillmedia.com%2Fsetuid%3Fbidder%3Dfreewheel-ssp%26nmuid%3D%26gdpr%3D%26gdpr_consent%3D%26us_privacy%3D%26uid%3D%7Bviewerid%7D:0
[   14861ms] [ERROR] Failed to load resource: net::ERR_NAME_NOT_RESOLVED @ https://dps.jp.cinarra.com/pxd?PLATFORM_ID=1&USER_ID=7a236356-7751-8999-f7a6-a4004a497833:0
[   16856ms] [ERROR] Failed to load resource: net::ERR_CONNECTION_REFUSED @ https://cs.nex8.net/cs/openx:0
[   40114ms] [ERROR] Failed to load resource: net::ERR_NAME_NOT_RESOLVED @ https://match.rundsp.com/redirect?ex=openx:0
[   41143ms] [ERROR] Failed to load resource: the server responded with a status of 400 () @ https://match.prod.bidr.io/cookie-sync/see:0
[   41275ms] [ERROR] Failed to load resource: net::ERR_NAME_NOT_RESOLVED @ https://j.mrpdata.net/c.html?ex=OpenX:0
[    6062ms] [ERROR] Refused to display 'https://evt.undertone.com/' in a frame because it set 'X-Frame-Options' to 'deny'. @ chrome-error://chromewebdata/:0
[    9886ms] [ERROR] Refused to display 'https://evt.undertone.com/' in a frame because it set 'X-Frame-Options' to 'deny'. @ chrome-error://chromewebdata/:0
[   40961ms] [ERROR] Refused to display 'https://evt.undertone.com/' in a frame because it set 'X-Frame-Options' to 'deny'. @ chrome-error://chromewebdata/:0
[   41173ms] [ERROR] Refused to display 'https://evt.undertone.com/' in a frame because it set 'X-Frame-Options' to 'deny'. @ chrome-error://chromewebdata/:0
[    5238ms] [ERROR] Failed to load resource: the server responded with a status of 503 () @ https://cs-server-s2s.yellowblue.io/sync-iframe?gdpr=0&gdpr_consent=&redirect=https%3A%2F%2Fs.ad.smaato.net%2Fc%2F%3FdspId%3D723%26dspCookie%3D%7BpartnerId%7D%26gdpr%3D0%26gdpr_consent%3D:0
[   14861ms] [ERROR] Failed to load resource: net::ERR_NAME_NOT_RESOLVED @ https://dps.jp.cinarra.com/pxd?PLATFORM_ID=1&USER_ID=7a236356-7751-8999-f7a6-a4004a497833:0
[   16856ms] [ERROR] Failed to load resource: net::ERR_CONNECTION_REFUSED @ https://cs.nex8.net/cs/openx:0
[   40114ms] [ERROR] Failed to load resource: net::ERR_NAME_NOT_RESOLVED @ https://match.rundsp.com/redirect?ex=openx:0
[   41275ms] [ERROR] Failed to load resource: net::ERR_NAME_NOT_RESOLVED @ https://j.mrpdata.net/c.html?ex=OpenX:0
[   14861ms] [ERROR] Failed to load resource: net::ERR_NAME_NOT_RESOLVED @ https://dps.jp.cinarra.com/pxd?PLATFORM_ID=1&USER_ID=7a236356-7751-8999-f7a6-a4004a497833:0
[   16856ms] [ERROR] Failed to load resource: net::ERR_CONNECTION_REFUSED @ https://cs.nex8.net/cs/openx:0
[   40114ms] [ERROR] Failed to load resource: net::ERR_NAME_NOT_RESOLVED @ https://match.rundsp.com/redirect?ex=openx:0
[   41275ms] [ERROR] Failed to load resource: net::ERR_NAME_NOT_RESOLVED @ https://j.mrpdata.net/c.html?ex=OpenX:0
[    6062ms] [ERROR] Refused to display 'https://evt.undertone.com/' in a frame because it set 'X-Frame-Options' to 'deny'. @ chrome-error://chromewebdata/:0
[    9886ms] [ERROR] Refused to display 'https://evt.undertone.com/' in a frame because it set 'X-Frame-Options' to 'deny'. @ chrome-error://chromewebdata/:0
[   40961ms] [ERROR] Refused to display 'https://evt.undertone.com/' in a frame because it set 'X-Frame-Options' to 'deny'. @ chrome-error://chromewebdata/:0
[   41173ms] [ERROR] Refused to display 'https://evt.undertone.com/' in a frame because it set 'X-Frame-Options' to 'deny'. @ chrome-error://chromewebdata/:0
[   41403ms] [ERROR] Refused to display 'https://evt.undertone.com/' in a frame because it set 'X-Frame-Options' to 'deny'. @ chrome-error://chromewebdata/:0
[   41686ms] [ERROR] Failed to load resource: the server responded with a status of 424 (Failed Dependency) @ https://t.adx.opera.com/pub/sync?pubid=pub10101531197440&gdpr=1&gdpr_consent=:0
[    6062ms] [ERROR] Refused to display 'https://evt.undertone.com/' in a frame because it set 'X-Frame-Options' to 'deny'. @ chrome-error://chromewebdata/:0
[    9886ms] [ERROR] Refused to display 'https://evt.undertone.com/' in a frame because it set 'X-Frame-Options' to 'deny'. @ chrome-error://chromewebdata/:0
[   40961ms] [ERROR] Refused to display 'https://evt.undertone.com/' in a frame because it set 'X-Frame-Options' to 'deny'. @ chrome-error://chromewebdata/:0
[   41173ms] [ERROR] Refused to display 'https://evt.undertone.com/' in a frame because it set 'X-Frame-Options' to 'deny'. @ chrome-error://chromewebdata/:0
[   41403ms] [ERROR] Refused to display 'https://evt.undertone.com/' in a frame because it set 'X-Frame-Options' to 'deny'. @ chrome-error://chromewebdata/:0
[   41634ms] [ERROR] Refused to display 'https://evt.undertone.com/' in a frame because it set 'X-Frame-Options' to 'deny'. @ chrome-error://chromewebdata/:0
[    6062ms] [ERROR] Refused to display 'https://evt.undertone.com/' in a frame because it set 'X-Frame-Options' to 'deny'. @ chrome-error://chromewebdata/:0
[    9886ms] [ERROR] Refused to display 'https://evt.undertone.com/' in a frame because it set 'X-Frame-Options' to 'deny'. @ chrome-error://chromewebdata/:0
[   40961ms] [ERROR] Refused to display 'https://evt.undertone.com/' in a frame because it set 'X-Frame-Options' to 'deny'. @ chrome-error://chromewebdata/:0
[   41173ms] [ERROR] Refused to display 'https://evt.undertone.com/' in a frame because it set 'X-Frame-Options' to 'deny'. @ chrome-error://chromewebdata/:0
[   41403ms] [ERROR] Refused to display 'https://evt.undertone.com/' in a frame because it set 'X-Frame-Options' to 'deny'. @ chrome-error://chromewebdata/:0
[   41634ms] [ERROR] Refused to display 'https://evt.undertone.com/' in a frame because it set 'X-Frame-Options' to 'deny'. @ chrome-error://chromewebdata/:0
[   41853ms] [ERROR] Refused to display 'https://evt.undertone.com/' in a frame because it set 'X-Frame-Options' to 'deny'. @ chrome-error://chromewebdata/:0
[    6062ms] [ERROR] Refused to display 'https://evt.undertone.com/' in a frame because it set 'X-Frame-Options' to 'deny'. @ chrome-error://chromewebdata/:0
[    9886ms] [ERROR] Refused to display 'https://evt.undertone.com/' in a frame because it set 'X-Frame-Options' to 'deny'. @ chrome-error://chromewebdata/:0
[   40961ms] [ERROR] Refused to display 'https://evt.undertone.com/' in a frame because it set 'X-Frame-Options' to 'deny'. @ chrome-error://chromewebdata/:0
[   41173ms] [ERROR] Refused to display 'https://evt.undertone.com/' in a frame because it set 'X-Frame-Options' to 'deny'. @ chrome-error://chromewebdata/:0
[   41403ms] [ERROR] Refused to display 'https://evt.undertone.com/' in a frame because it set 'X-Frame-Options' to 'deny'. @ chrome-error://chromewebdata/:0
[   41634ms] [ERROR] Refused to display 'https://evt.undertone.com/' in a frame because it set 'X-Frame-Options' to 'deny'. @ chrome-error://chromewebdata/:0
[   41853ms] [ERROR] Refused to display 'https://evt.undertone.com/' in a frame because it set 'X-Frame-Options' to 'deny'. @ chrome-error://chromewebdata/:0
[    6062ms] [ERROR] Refused to display 'https://evt.undertone.com/' in a frame because it set 'X-Frame-Options' to 'deny'. @ chrome-error://chromewebdata/:0
[    9886ms] [ERROR] Refused to display 'https://evt.undertone.com/' in a frame because it set 'X-Frame-Options' to 'deny'. @ chrome-error://chromewebdata/:0
[   40961ms] [ERROR] Refused to display 'https://evt.undertone.com/' in a frame because it set 'X-Frame-Options' to 'deny'. @ chrome-error://chromewebdata/:0
[   41173ms] [ERROR] Refused to display 'https://evt.undertone.com/' in a frame because it set 'X-Frame-Options' to 'deny'. @ chrome-error://chromewebdata/:0
[   41403ms] [ERROR] Refused to display 'https://evt.undertone.com/' in a frame because it set 'X-Frame-Options' to 'deny'. @ chrome-error://chromewebdata/:0
[   41634ms] [ERROR] Refused to display 'https://evt.undertone.com/' in a frame because it set 'X-Frame-Options' to 'deny'. @ chrome-error://chromewebdata/:0
[   41853ms] [ERROR] Refused to display 'https://evt.undertone.com/' in a frame because it set 'X-Frame-Options' to 'deny'. @ chrome-error://chromewebdata/:0
[   42081ms] [ERROR] Refused to display 'https://evt.undertone.com/' in a frame because it set 'X-Frame-Options' to 'deny'. @ chrome-error://chromewebdata/:0
[    6062ms] [ERROR] Refused to display 'https://evt.undertone.com/' in a frame because it set 'X-Frame-Options' to 'deny'. @ chrome-error://chromewebdata/:0
[    9886ms] [ERROR] Refused to display 'https://evt.undertone.com/' in a frame because it set 'X-Frame-Options' to 'deny'. @ chrome-error://chromewebdata/:0
[   40961ms] [ERROR] Refused to display 'https://evt.undertone.com/' in a frame because it set 'X-Frame-Options' to 'deny'. @ chrome-error://chromewebdata/:0
[   41173ms] [ERROR] Refused to display 'https://evt.undertone.com/' in a frame because it set 'X-Frame-Options' to 'deny'. @ chrome-error://chromewebdata/:0
[   41403ms] [ERROR] Refused to display 'https://evt.undertone.com/' in a frame because it set 'X-Frame-Options' to 'deny'. @ chrome-error://chromewebdata/:0
[   41634ms] [ERROR] Refused to display 'https://evt.undertone.com/' in a frame because it set 'X-Frame-Options' to 'deny'. @ chrome-error://chromewebdata/:0
[   41853ms] [ERROR] Refused to display 'https://evt.undertone.com/' in a frame because it set 'X-Frame-Options' to 'deny'. @ chrome-error://chromewebdata/:0
[   42081ms] [ERROR] Refused to display 'https://evt.undertone.com/' in a frame because it set 'X-Frame-Options' to 'deny'. @ chrome-error://chromewebdata/:0
[   42302ms] [ERROR] Refused to display 'https://evt.undertone.com/' in a frame because it set 'X-Frame-Options' to 'deny'. @ chrome-error://chromewebdata/:0
[    6062ms] [ERROR] Refused to display 'https://evt.undertone.com/' in a frame because it set 'X-Frame-Options' to 'deny'. @ chrome-error://chromewebdata/:0
[    9886ms] [ERROR] Refused to display 'https://evt.undertone.com/' in a frame because it set 'X-Frame-Options' to 'deny'. @ chrome-error://chromewebdata/:0
[   40961ms] [ERROR] Refused to display 'https://evt.undertone.com/' in a frame because it set 'X-Frame-Options' to 'deny'. @ chrome-error://chromewebdata/:0
[   41173ms] [ERROR] Refused to display 'https://evt.undertone.com/' in a frame because it set 'X-Frame-Options' to 'deny'. @ chrome-error://chromewebdata/:0
[   41403ms] [ERROR] Refused to display 'https://evt.undertone.com/' in a frame because it set 'X-Frame-Options' to 'deny'. @ chrome-error://chromewebdata/:0
[   41634ms] [ERROR] Refused to display 'https://evt.undertone.com/' in a frame because it set 'X-Frame-Options' to 'deny'. @ chrome-error://chromewebdata/:0
[   41853ms] [ERROR] Refused to display 'https://evt.undertone.com/' in a frame because it set 'X-Frame-Options' to 'deny'. @ chrome-error://chromewebdata/:0
[   42081ms] [ERROR] Refused to display 'https://evt.undertone.com/' in a frame because it set 'X-Frame-Options' to 'deny'. @ chrome-error://chromewebdata/:0
[   42302ms] [ERROR] Refused to display 'https://evt.undertone.com/' in a frame because it set 'X-Frame-Options' to 'deny'. @ chrome-error://chromewebdata/:0
[   42531ms] [ERROR] Refused to display 'https://evt.undertone.com/' in a frame because it set 'X-Frame-Options' to 'deny'. @ chrome-error://chromewebdata/:0
[    6062ms] [ERROR] Refused to display 'https://evt.undertone.com/' in a frame because it set 'X-Frame-Options' to 'deny'. @ chrome-error://chromewebdata/:0
[    9886ms] [ERROR] Refused to display 'https://evt.undertone.com/' in a frame because it set 'X-Frame-Options' to 'deny'. @ chrome-error://chromewebdata/:0
[   40961ms] [ERROR] Refused to display 'https://evt.undertone.com/' in a frame because it set 'X-Frame-Options' to 'deny'. @ chrome-error://chromewebdata/:0
[   41173ms] [ERROR] Refused to display 'https://evt.undertone.com/' in a frame because it set 'X-Frame-Options' to 'deny'. @ chrome-error://chromewebdata/:0
[   41403ms] [ERROR] Refused to display 'https://evt.undertone.com/' in a frame because it set 'X-Frame-Options' to 'deny'. @ chrome-error://chromewebdata/:0
[   41634ms] [ERROR] Refused to display 'https://evt.undertone.com/' in a frame because it set 'X-Frame-Options' to 'deny'. @ chrome-error://chromewebdata/:0
[   41853ms] [ERROR] Refused to display 'https://evt.undertone.com/' in a frame because it set 'X-Frame-Options' to 'deny'. @ chrome-error://chromewebdata/:0
[   42081ms] [ERROR] Refused to display 'https://evt.undertone.com/' in a frame because it set 'X-Frame-Options' to 'deny'. @ chrome-error://chromewebdata/:0
[   42302ms] [ERROR] Refused to display 'https://evt.undertone.com/' in a frame because it set 'X-Frame-Options' to 'deny'. @ chrome-error://chromewebdata/:0
[   42531ms] [ERROR] Refused to display 'https://evt.undertone.com/' in a frame because it set 'X-Frame-Options' to 'deny'. @ chrome-error://chromewebdata/:0
[   42771ms] [ERROR] Refused to display 'https://evt.undertone.com/' in a frame because it set 'X-Frame-Options' to 'deny'. @ chrome-error://chromewebdata/:0
[   71092ms] [WARNING] The resource https://www.app.com/global-q1a2z32er+CyyEkg4S2llcfyqK7cX3rtM.min.json was preloaded using link preload but not used within a few seconds from the window's load event. Please make sure it has an appropriate `as` value and it is preloaded intentionally. @ https://www.app.com/?variant=b:0
[   77669ms] [WARNING] The resource https://www.app.com/global-q1a2z32er+CyyEkg4S2llcfyqK7cX3rtM.min.json was preloaded using link preload but not used within a few seconds from the window's load event. Please make sure it has an appropriate `as` value and it is preloaded intentionally. @ https://www.app.com/?variant=b:0
[   87691ms] [WARNING] The resource https://www.app.com/global-q1a2z32er+CyyEkg4S2llcfyqK7cX3rtM.min.json was preloaded using link preload but not used within a few seconds from the window's load event. Please make sure it has an appropriate `as` value and it is preloaded intentionally. @ https://www.app.com/?variant=b:0
[   98547ms] [WARNING] The resource https://www.app.com/global-q1a2z32er+CyyEkg4S2llcfyqK7cX3rtM.min.json was preloaded using link preload but not used within a few seconds from the window's load event. Please make sure it has an appropriate `as` value and it is preloaded intentionally. @ https://www.app.com/?variant=b:0
[  128923ms] [WARNING] The resource https://www.app.com/global-q1a2z32er+CyyEkg4S2llcfyqK7cX3rtM.min.json was preloaded using link preload but not used within a few seconds from the window's load event. Please make sure it has an appropriate `as` value and it is preloaded intentionally. @ https://www.app.com/?variant=b:0
[  154542ms] [WARNING] The resource https://www.app.com/global-q1a2z32er+CyyEkg4S2llcfyqK7cX3rtM.min.json was preloaded using link preload but not used within a few seconds from the window's load event. Please make sure it has an appropriate `as` value and it is preloaded intentionally. @ https://www.app.com/?variant=b:0
[  160359ms] [WARNING] The resource https://www.app.com/global-q1a2z32er+CyyEkg4S2llcfyqK7cX3rtM.min.json was preloaded using link preload but not used within a few seconds from the window's load event. Please make sure it has an appropriate `as` value and it is preloaded intentionally. @ https://www.app.com/?variant=b:0
[  191229ms] [WARNING] The resource https://www.app.com/global-q1a2z32er+CyyEkg4S2llcfyqK7cX3rtM.min.json was preloaded using link preload but not used within a few seconds from the window's load event. Please make sure it has an appropriate `as` value and it is preloaded intentionally. @ https://www.app.com/?variant=b:0
[  222234ms] [WARNING] The resource https://www.app.com/global-q1a2z32er+CyyEkg4S2llcfyqK7cX3rtM.min.json was preloaded using link preload but not used within a few seconds from the window's load event. Please make sure it has an appropriate `as` value and it is preloaded intentionally. @ https://www.app.com/?variant=b:0
[  248138ms] [WARNING] The resource https://www.app.com/global-q1a2z32er+CyyEkg4S2llcfyqK7cX3rtM.min.json was preloaded using link preload but not used within a few seconds from the window's load event. Please make sure it has an appropriate `as` value and it is preloaded intentionally. @ https://www.app.com/?variant=b:0
[  253035ms] [WARNING] The resource https://www.app.com/global-q1a2z32er+CyyEkg4S2llcfyqK7cX3rtM.min.json was preloaded using link preload but not used within a few seconds from the window's load event. Please make sure it has an appropriate `as` value and it is preloaded intentionally. @ https://www.app.com/?variant=b:0
[  283797ms] [WARNING] The resource https://www.app.com/global-q1a2z32er+CyyEkg4S2llcfyqK7cX3rtM.min.json was preloaded using link preload but not used within a few seconds from the window's load event. Please make sure it has an appropriate `as` value and it is preloaded intentionally. @ https://www.app.com/?variant=b:0
[  289901ms] [WARNING] The resource https://www.app.com/global-q1a2z32er+CyyEkg4S2llcfyqK7cX3rtM.min.json was preloaded using link preload but not used within a few seconds from the window's load event. Please make sure it has an appropriate `as` value and it is preloaded intentionally. @ https://www.app.com/?variant=b:0
[  308724ms] [WARNING] The resource https://www.app.com/global-q1a2z32er+CyyEkg4S2llcfyqK7cX3rtM.min.json was preloaded using link preload but not used within a few seconds from the window's load event. Please make sure it has an appropriate `as` value and it is preloaded intentionally. @ https://www.app.com/?variant=b:0
[  314539ms] [WARNING] The resource https://www.app.com/global-q1a2z32er+CyyEkg4S2llcfyqK7cX3rtM.min.json was preloaded using link preload but not used within a few seconds from the window's load event. Please make sure it has an appropriate `as` value and it is preloaded intentionally. @ https://www.app.com/?variant=b:0
[  345141ms] [WARNING] The resource https://www.app.com/global-q1a2z32er+CyyEkg4S2llcfyqK7cX3rtM.min.json was preloaded using link preload but not used within a few seconds from the window's load event. Please make sure it has an appropriate `as` value and it is preloaded intentionally. @ https://www.app.com/?variant=b:0
[  369220ms] [WARNING] The resource https://www.app.com/global-q1a2z32er+CyyEkg4S2llcfyqK7cX3rtM.min.json was preloaded using link preload but not used within a few seconds from the window's load event. Please make sure it has an appropriate `as` value and it is preloaded intentionally. @ https://www.app.com/?variant=b:0
[  376067ms] [WARNING] The resource https://www.app.com/global-q1a2z32er+CyyEkg4S2llcfyqK7cX3rtM.min.json was preloaded using link preload but not used within a few seconds from the window's load event. Please make sure it has an appropriate `as` value and it is preloaded intentionally. @ https://www.app.com/?variant=b:0
[  406661ms] [WARNING] The resource https://www.app.com/global-q1a2z32er+CyyEkg4S2llcfyqK7cX3rtM.min.json was preloaded using link preload but not used within a few seconds from the window's load event. Please make sure it has an appropriate `as` value and it is preloaded intentionally. @ https://www.app.com/?variant=b:0
[  421503ms] [WARNING] Error with Feature-Policy header: Some features are specified in both Feature-Policy and Permissions-Policy header: camera, display-capture, geolocation, microphone, payment, usb, xr-spatial-tracking. Values defined in Permissions-Policy header will be used. @ :0
[  421828ms] [ERROR] Failed to load resource: the server responded with a status of 406 () @ https://www.app.com/gcdn/authoring/authoring-images/2026/02/15/PAPP/88692983007-71-d-3-a-463-cb-0-a-46-f-28-db-92286-f-65-f-0312.jpg?crop=2047,1153,x0,y418&width=210&height=118&format=pjpg&auto=webp:0
[  421829ms] [ERROR] Failed to load resource: the server responded with a status of 406 () @ https://www.app.com/gcdn/authoring/authoring-images/2026/02/15/PAPP/88691007007-image-3.jpeg?crop=2804,1577,x0,y17&width=210&height=118&format=pjpg&auto=webp:0
[  421830ms] [ERROR] Failed to load resource: the server responded with a status of 406 () @ https://www.app.com/gcdn/authoring/authoring-images/2025/06/24/PAPP/84343767007-rt-88-wirefire-0624-d.jpg?crop=2399,1350,x0,y160&width=660&height=370&format=pjpg&auto=webp:0
[  421830ms] [ERROR] Failed to load resource: the server responded with a status of 406 () @ https://www.app.com/gcdn/authoring/authoring-images/2026/01/23/PAPP/88312010007-asbury-park-press-1929-02-15-page-1.jpg?crop=2787,1566,x0,y48&width=210&height=118&format=pjpg&auto=webp:0
[  423011ms] [WARNING] adgb - not initialized. @ https://cdn.taboola.com/libtrc/gannett-network/loader.js:38
[  423784ms] [ERROR] Failed to load resource: the server responded with a status of 406 () @ https://www.app.com/gcdn/authoring/authoring-images/2026/02/13/USAT/88661035007-getty-images-451440570.jpg?crop=2848,2847,x428,y0&width=75&height=75&format=pjpg&auto=webp:0
[  423785ms] [ERROR] Failed to load resource: the server responded with a status of 406 () @ https://www.app.com/gcdn/presto/2019/10/09/PAPP/6329245c-a409-472f-bb62-565a483bfb14-IMG_4990.JPG?crop=3024,3024,x403,y0&width=75&height=75&format=pjpg&auto=webp:0
[  423786ms] [ERROR] Failed to load resource: the server responded with a status of 406 () @ https://www.app.com/gcdn/-mm-/fedb04a9ce6a87ef5bf76d8e84c8c7d48c0b9e54/c=171-0-853-682/local/-/media/2017/11/28/Bergen/NorthJersey/636474638740672162-BX148-443D-9.JPG?crop=smart&fit=crop&width=75&height=75&format=pjpg&auto=webp:0
[  423787ms] [ERROR] Failed to load resource: the server responded with a status of 406 () @ https://www.app.com/gcdn/authoring/authoring-images/2026/02/05/PAPP/88527117007-keyporthousing-0204-a.jpg?crop=3649,3647,x911,y0&width=75&height=75&format=pjpg&auto=webp:0
[  423787ms] [ERROR] Failed to load resource: the server responded with a status of 406 () @ https://www.app.com/gcdn/authoring/authoring-images/2026/01/21/PAPP/88274651007-lod-50.jpg?crop=1653,1652,x240,y0&width=75&height=75&format=pjpg&auto=webp:0
[  424050ms] [ERROR] Failed to load resource: the server responded with a status of 406 () @ https://www.app.com/gcdn/presto/2019/10/09/PAPP/6329245c-a409-472f-bb62-565a483bfb14-IMG_4990.JPG?crop=4031,2268,x0,y373&width=3200&height=1801&format=pjpg&auto=webp:0
[  424051ms] [ERROR] Failed to load resource: the server responded with a status of 406 () @ https://www.app.com/gcdn/authoring/authoring-images/2026/02/13/USAT/88661035007-getty-images-451440570.jpg?crop=4287,2413,x0,y217&width=3200&height=1802&format=pjpg&auto=webp:0
[  424051ms] [ERROR] Failed to load resource: the server responded with a status of 406 () @ https://www.app.com/gcdn/-mm-/33986bd3d586f4501f784dc8d16e4361509a229a/c=0-52-1024-631/local/-/media/2017/11/28/Bergen/NorthJersey/636474638740672162-BX148-443D-9.JPG?width=1024&height=579&fit=crop&format=pjpg&auto=webp:0
[  424202ms] [ERROR] Failed to load resource: the server responded with a status of 406 () @ https://www.app.com/gcdn/authoring/authoring-images/2026/01/21/PAPP/88274651007-lod-50.jpg?crop=2399,1350,x0,y151&width=2399&height=1350&format=pjpg&auto=webp:0
[  424203ms] [ERROR] Failed to load resource: the server responded with a status of 406 () @ https://www.app.com/gcdn/authoring/authoring-images/2026/02/05/PAPP/88527117007-keyporthousing-0204-a.jpg?crop=5471,3078,x0,y182&width=3200&height=1801&format=pjpg&auto=webp:0
[  424576ms] [ERROR] Failed to load resource: the server responded with a status of 406 () @ https://www.app.com/gcdn/authoring/authoring-images/2026/02/09/USAT/88595147007-bad-bunny-020926.jpg?crop=2994,1684,x186,y0&width=160&height=90&format=pjpg&auto=webp:0
[  424596ms] [ERROR] Failed to load resource: the server responded with a status of 406 () @ https://www.app.com/gcdn/-mm-/abd7122f623f2360e90fbef4570b3d7f841b8d8b/c=0-21-400-246/local/-/media/2017/04/18/AsburyPark/B9327234257Z.1_20170418192239_000_GK7I43ET9.1-0.jpg?crop=smart&fit=crop&width=160&height=90&format=pjpg&auto=webp:0
[  424597ms] [ERROR] Failed to load resource: the server responded with a status of 406 () @ https://www.app.com/gcdn/authoring/authoring-images/2026/02/14/PAPP/88682090007-sc-tquarters-1-aa.jpg?crop=4354,2449,x0,y364&width=160&height=90&format=pjpg&auto=webp:0
[  424597ms] [ERROR] Failed to load resource: the server responded with a status of 406 () @ https://www.app.com/gcdn/authoring/authoring-images/2026/02/14/PAPP/88683270007-img-4395.JPG?crop=3807,2142,x0,y571&width=160&height=90&format=pjpg&auto=webp:0
[  424600ms] [ERROR] Failed to load resource: the server responded with a status of 406 () @ https://www.app.com/gcdn/authoring/authoring-images/2026/02/13/PTCN/88665234007-daytona-500-rain-clouds.jpg?crop=2741,1542,x0,y300&width=160&height=90&format=pjpg&auto=webp:0
[  424718ms] [ERROR] Failed to load resource: the server responded with a status of 406 () @ https://www.app.com/gcdn/-mm-/abd7122f623f2360e90fbef4570b3d7f841b8d8b/c=0-21-400-246/local/-/media/2017/04/18/AsburyPark/B9327234257Z.1_20170418192239_000_GK7I43ET9.1-0.jpg?width=400&height=225&fit=crop&format=pjpg&auto=webp:0
[  424720ms] [ERROR] Failed to load resource: the server responded with a status of 406 () @ https://www.app.com/gcdn/authoring/authoring-images/2026/02/14/PAPP/88682090007-sc-tquarters-1-aa.jpg?crop=4354,2449,x0,y364&width=3200&height=1800&format=pjpg&auto=webp:0
[  424720ms] [ERROR] Failed to load resource: the server responded with a status of 406 () @ https://www.app.com/gcdn/authoring/authoring-images/2026/02/09/USAT/88595147007-bad-bunny-020926.jpg?crop=2994,1684,x186,y0&width=2994&height=1684&format=pjpg&auto=webp:0
[  424725ms] [WARNING] Placements With no Content: HP Shopping @ https://cdn.taboola.com/libtrc/gannett-network/loader.js:38
[  424737ms] [ERROR] Failed to load resource: the server responded with a status of 406 () @ https://www.app.com/gcdn/authoring/authoring-images/2026/02/14/PAPP/88683270007-img-4395.JPG?crop=3807,2142,x0,y571&width=3200&height=1801&format=pjpg&auto=webp:0
[  424737ms] [ERROR] Failed to load resource: the server responded with a status of 406 () @ https://www.app.com/gcdn/authoring/authoring-images/2026/02/13/PTCN/88665234007-daytona-500-rain-clouds.jpg?crop=2741,1542,x0,y300&width=2741&height=1542&format=pjpg&auto=webp:0
[  424834ms] [ERROR] Failed to load resource: the server responded with a status of 406 () @ https://www.app.com/gcdn/authoring/authoring-images/2026/02/11/PAPP/88627348007-freehold-distilling-company-3.jpeg?crop=4031,2268,x0,y0&width=160&height=90&format=pjpg&auto=webp:0
[  424836ms] [ERROR] Failed to load resource: the server responded with a status of 406 () @ https://www.app.com/gcdn/authoring/authoring-images/2026/01/28/USAT/88404129007-gty-2248297218.jpg?crop=2999,1687,x0,y156&width=160&height=90&format=pjpg&auto=webp:0
[  424837ms] [ERROR] Failed to load resource: the server responded with a status of 406 () @ https://www.app.com/gcdn/authoring/authoring-images/2026/01/21/PAPP/88274651007-lod-50.jpg?crop=2399,1350,x0,y151&width=160&height=90&format=pjpg&auto=webp:0
[  424985ms] [ERROR] Failed to load resource: the server responded with a status of 406 () @ https://www.app.com/gcdn/authoring/authoring-images/2026/02/11/PAPP/88627348007-freehold-distilling-company-3.jpeg?crop=4031,2268,x0,y0&width=3200&height=1801&format=pjpg&auto=webp:0
[  425004ms] [ERROR] Failed to load resource: the server responded with a status of 406 () @ https://www.app.com/gcdn/authoring/authoring-images/2026/01/21/PAPP/88274651007-lod-50.jpg?crop=2399,1350,x0,y151&width=2399&height=1350&format=pjpg&auto=webp:0
[  425005ms] [ERROR] Failed to load resource: the server responded with a status of 406 () @ https://www.app.com/gcdn/authoring/authoring-images/2026/01/28/USAT/88404129007-gty-2248297218.jpg?crop=2999,1687,x0,y156&width=2999&height=1687&format=pjpg&auto=webp:0
[  425138ms] [WARNING] Placements With no Content: Below Homepage Feed - Feed Redesign | Card 5 @ https://cdn.taboola.com/libtrc/gannett-network/loader.js:38
[  425255ms] [ERROR] Attestation check for Shared Storage on https://www.googleadservices.com failed. @ https://www.googleadservices.com/pagead/managed/js/activeview/current/reach_worklet.html:0
[  442712ms] [ERROR] Failed to load resource: net::ERR_CONNECTION_TIMED_OUT @ https://gum.criteo.com/sid/json?origin=prebid&pbt=1&lsw=1&topUrl=https%3A%2F%2Fwww.app.com%2F%3Fvariant%3Db&domain=www.app.com:0
[  444170ms] [ERROR] Failed to load resource: net::ERR_CONNECTION_TIMED_OUT @ https://gum.criteo.com/sync?c=72&r=2&j=TRC.getRTUS:0
[  444172ms] [WARNING] Error during RTUS loading asset file:  {reason: script: https://gum.criteo.com/sync?c=72&r=2&j=TRC.getRTUS, isInfo: true} @ https://cdn.taboola.com/libtrc/gannett-network/loader.js:38
[  460873ms] [WARNING] The resource https://www.app.com/global-q1a2z32er+CyyEkg4S2llcfyqK7cX3rtM.min.json was preloaded using link preload but not used within a few seconds from the window's load event. Please make sure it has an appropriate `as` value and it is preloaded intentionally. @ https://www.app.com/?variant=b:0
[  465527ms] [WARNING] The resource https://www.app.com/global-q1a2z32er+CyyEkg4S2llcfyqK7cX3rtM.min.json was preloaded using link preload but not used within a few seconds from the window's load event. Please make sure it has an appropriate `as` value and it is preloaded intentionally. @ https://www.app.com/?variant=b:0
