[    1262ms] [WARNING] Error with Feature-Policy header: Some features are specified in both Feature-Policy and Permissions-Policy header: camera, display-capture, geolocation, microphone, payment, usb, xr-spatial-tracking. Values defined in Permissions-Policy header will be used. @ :0
[    1517ms] [ERROR] Failed to load resource: the server responded with a status of 406 () @ https://www.app.com/gcdn/authoring/authoring-images/2025/06/24/PAPP/84343767007-rt-88-wirefire-0624-d.jpg?crop=2399,1350,x0,y160&width=660&height=370&format=pjpg&auto=webp:0
[    1517ms] [ERROR] Failed to load resource: the server responded with a status of 406 () @ https://www.app.com/gcdn/authoring/authoring-images/2026/02/15/PAPP/88691007007-image-3.jpeg?crop=2804,1577,x0,y17&width=210&height=118&format=pjpg&auto=webp:0
[    1518ms] [ERROR] Failed to load resource: the server responded with a status of 406 () @ https://www.app.com/gcdn/authoring/authoring-images/2026/02/15/PAPP/88692983007-71-d-3-a-463-cb-0-a-46-f-28-db-92286-f-65-f-0312.jpg?crop=2047,1153,x0,y418&width=210&height=118&format=pjpg&auto=webp:0
[    1519ms] [ERROR] Failed to load resource: the server responded with a status of 406 () @ https://www.app.com/gcdn/authoring/authoring-images/2026/01/23/PAPP/88312010007-asbury-park-press-1929-02-15-page-1.jpg?crop=2787,1566,x0,y48&width=210&height=118&format=pjpg&auto=webp:0
[    2010ms] [WARNING] adgb - not initialized. @ https://cdn.taboola.com/libtrc/gannett-network/loader.js:63
[    2761ms] [ERROR] Failed to load resource: the server responded with a status of 406 () @ https://www.app.com/gcdn/authoring/authoring-images/2026/02/05/PAPP/88527117007-keyporthousing-0204-a.jpg?crop=3649,3647,x911,y0&width=75&height=75&format=pjpg&auto=webp:0
[    2777ms] [ERROR] Failed to load resource: the server responded with a status of 406 () @ https://www.app.com/gcdn/authoring/authoring-images/2026/01/21/PAPP/88274651007-lod-50.jpg?crop=1653,1652,x240,y0&width=75&height=75&format=pjpg&auto=webp:0
[    2778ms] [ERROR] Failed to load resource: the server responded with a status of 406 () @ https://www.app.com/gcdn/authoring/authoring-images/2026/02/13/USAT/88661035007-getty-images-451440570.jpg?crop=2848,2847,x428,y0&width=75&height=75&format=pjpg&auto=webp:0
[    2788ms] [ERROR] Failed to load resource: the server responded with a status of 406 () @ https://www.app.com/gcdn/-mm-/fedb04a9ce6a87ef5bf76d8e84c8c7d48c0b9e54/c=171-0-853-682/local/-/media/2017/11/28/Bergen/NorthJersey/636474638740672162-BX148-443D-9.JPG?crop=smart&fit=crop&width=75&height=75&format=pjpg&auto=webp:0
[    2790ms] [ERROR] Failed to load resource: the server responded with a status of 406 () @ https://www.app.com/gcdn/presto/2019/10/09/PAPP/6329245c-a409-472f-bb62-565a483bfb14-IMG_4990.JPG?crop=3024,3024,x403,y0&width=75&height=75&format=pjpg&auto=webp:0
[    2869ms] [ERROR] Failed to load resource: the server responded with a status of 406 () @ https://www.app.com/gcdn/authoring/authoring-images/2026/02/05/PAPP/88527117007-keyporthousing-0204-a.jpg?crop=5471,3078,x0,y182&width=3200&height=1801&format=pjpg&auto=webp:0
[    2869ms] [ERROR] Failed to load resource: the server responded with a status of 406 () @ https://www.app.com/gcdn/authoring/authoring-images/2026/01/21/PAPP/88274651007-lod-50.jpg?crop=2399,1350,x0,y151&width=2399&height=1350&format=pjpg&auto=webp:0
[    2875ms] [ERROR] Failed to load resource: the server responded with a status of 406 () @ https://www.app.com/gcdn/authoring/authoring-images/2026/02/13/USAT/88661035007-getty-images-451440570.jpg?crop=4287,2413,x0,y217&width=3200&height=1802&format=pjpg&auto=webp:0
[    2879ms] [ERROR] Failed to load resource: the server responded with a status of 406 () @ https://www.app.com/gcdn/-mm-/33986bd3d586f4501f784dc8d16e4361509a229a/c=0-52-1024-631/local/-/media/2017/11/28/Bergen/NorthJersey/636474638740672162-BX148-443D-9.JPG?width=1024&height=579&fit=crop&format=pjpg&auto=webp:0
[    2886ms] [ERROR] Failed to load resource: the server responded with a status of 406 () @ https://www.app.com/gcdn/presto/2019/10/09/PAPP/6329245c-a409-472f-bb62-565a483bfb14-IMG_4990.JPG?crop=4031,2268,x0,y373&width=3200&height=1801&format=pjpg&auto=webp:0
[    2945ms] [ERROR] Failed to load resource: the server responded with a status of 400 () @ https://ups.analytics.yahoo.com/ups/58813/fed?gpp_sid=-1&v=1&url=https%3A%2F%2Fwww.app.com%2F:0
[    2995ms] [ERROR] Failed to load resource: the server responded with a status of 406 () @ https://www.app.com/gcdn/authoring/authoring-images/2026/02/09/USAT/88595147007-bad-bunny-020926.jpg?crop=2994,1684,x186,y0&width=160&height=90&format=pjpg&auto=webp:0
[    2996ms] [ERROR] Failed to load resource: the server responded with a status of 406 () @ https://www.app.com/gcdn/authoring/authoring-images/2026/02/14/PAPP/88682090007-sc-tquarters-1-aa.jpg?crop=4354,2449,x0,y364&width=160&height=90&format=pjpg&auto=webp:0
[    2996ms] [ERROR] Failed to load resource: the server responded with a status of 406 () @ https://www.app.com/gcdn/-mm-/abd7122f623f2360e90fbef4570b3d7f841b8d8b/c=0-21-400-246/local/-/media/2017/04/18/AsburyPark/B9327234257Z.1_20170418192239_000_GK7I43ET9.1-0.jpg?crop=smart&fit=crop&width=160&height=90&format=pjpg&auto=webp:0
[    2997ms] [ERROR] Failed to load resource: the server responded with a status of 406 () @ https://www.app.com/gcdn/authoring/authoring-images/2026/02/14/PAPP/88683270007-img-4395.JPG?crop=3807,2142,x0,y571&width=160&height=90&format=pjpg&auto=webp:0
[    3035ms] [ERROR] Failed to load resource: the server responded with a status of 406 () @ https://www.app.com/gcdn/authoring/authoring-images/2026/02/13/PTCN/88665234007-daytona-500-rain-clouds.jpg?crop=2741,1542,x0,y300&width=160&height=90&format=pjpg&auto=webp:0
[    3088ms] [ERROR] Failed to load resource: the server responded with a status of 406 () @ https://www.app.com/gcdn/authoring/authoring-images/2026/02/09/USAT/88595147007-bad-bunny-020926.jpg?crop=2994,1684,x186,y0&width=2994&height=1684&format=pjpg&auto=webp:0
[    3093ms] [ERROR] Failed to load resource: the server responded with a status of 406 () @ https://www.app.com/gcdn/authoring/authoring-images/2026/02/14/PAPP/88682090007-sc-tquarters-1-aa.jpg?crop=4354,2449,x0,y364&width=3200&height=1800&format=pjpg&auto=webp:0
[    3094ms] [ERROR] Failed to load resource: the server responded with a status of 406 () @ https://www.app.com/gcdn/-mm-/abd7122f623f2360e90fbef4570b3d7f841b8d8b/c=0-21-400-246/local/-/media/2017/04/18/AsburyPark/B9327234257Z.1_20170418192239_000_GK7I43ET9.1-0.jpg?width=400&height=225&fit=crop&format=pjpg&auto=webp:0
[    3155ms] [ERROR] Failed to load resource: the server responded with a status of 406 () @ https://www.app.com/gcdn/authoring/authoring-images/2026/02/14/PAPP/88683270007-img-4395.JPG?crop=3807,2142,x0,y571&width=3200&height=1801&format=pjpg&auto=webp:0
[    3156ms] [ERROR] Failed to load resource: the server responded with a status of 406 () @ https://www.app.com/gcdn/authoring/authoring-images/2026/02/13/PTCN/88665234007-daytona-500-rain-clouds.jpg?crop=2741,1542,x0,y300&width=2741&height=1542&format=pjpg&auto=webp:0
[    3208ms] [WARNING] Placements With no Content: HP Shopping @ https://cdn.taboola.com/libtrc/gannett-network/loader.js:63
[    3319ms] [ERROR] Failed to load resource: the server responded with a status of 406 () @ https://www.app.com/gcdn/authoring/authoring-images/2026/01/21/PAPP/88274651007-lod-50.jpg?crop=2399,1350,x0,y151&width=160&height=90&format=pjpg&auto=webp:0
[    3320ms] [ERROR] Failed to load resource: the server responded with a status of 406 () @ https://www.app.com/gcdn/authoring/authoring-images/2026/02/11/PAPP/88627348007-freehold-distilling-company-3.jpeg?crop=4031,2268,x0,y0&width=160&height=90&format=pjpg&auto=webp:0
[    3320ms] [ERROR] Failed to load resource: the server responded with a status of 406 () @ https://www.app.com/gcdn/authoring/authoring-images/2026/01/28/USAT/88404129007-gty-2248297218.jpg?crop=2999,1687,x0,y156&width=160&height=90&format=pjpg&auto=webp:0
[    3463ms] [ERROR] Failed to load resource: the server responded with a status of 406 () @ https://www.app.com/gcdn/authoring/authoring-images/2026/01/21/PAPP/88274651007-lod-50.jpg?crop=2399,1350,x0,y151&width=2399&height=1350&format=pjpg&auto=webp:0
[    3464ms] [ERROR] Failed to load resource: the server responded with a status of 406 () @ https://www.app.com/gcdn/authoring/authoring-images/2026/02/11/PAPP/88627348007-freehold-distilling-company-3.jpeg?crop=4031,2268,x0,y0&width=3200&height=1801&format=pjpg&auto=webp:0
[    3471ms] [ERROR] Failed to load resource: the server responded with a status of 406 () @ https://www.app.com/gcdn/authoring/authoring-images/2026/01/28/USAT/88404129007-gty-2248297218.jpg?crop=2999,1687,x0,y156&width=2999&height=1687&format=pjpg&auto=webp:0
[    3637ms] [WARNING] Placements With no Content: Below Homepage Feed - Feed Redesign | Card 5 @ https://cdn.taboola.com/libtrc/gannett-network/loader.js:63
[    4400ms] [ERROR] Attestation check for Shared Storage on https://www.googleadservices.com failed. @ https://www.googleadservices.com/pagead/managed/js/activeview/current/reach_worklet.html:0
[   15119ms] [ERROR] Failed to load resource: net::ERR_NAME_NOT_RESOLVED @ https://dps.jp.cinarra.com/pxd?PLATFORM_ID=1&USER_ID=0bb72c7a-82c2-860b-e9f2-6bc75422df73:0
[   17099ms] [ERROR] Failed to load resource: net::ERR_CONNECTION_REFUSED @ https://cs.nex8.net/cs/openx:0
[   22398ms] [ERROR] Failed to load resource: net::ERR_CONNECTION_TIMED_OUT @ https://gum.criteo.com/sid/json?origin=prebid&pbt=1&lsw=1&topUrl=https%3A%2F%2Fwww.app.com%2F%3Fvariant%3Db&domain=www.app.com:0
[   23093ms] [ERROR] Failed to load resource: net::ERR_CONNECTION_TIMED_OUT @ https://gum.criteo.com/sync?c=72&r=2&j=TRC.getRTUS:0
[   23094ms] [WARNING] Error during RTUS loading asset file:  {reason: script: https://gum.criteo.com/sync?c=72&r=2&j=TRC.getRTUS, isInfo: true} @ https://cdn.taboola.com/libtrc/gannett-network/loader.js:63
[   15119ms] [ERROR] Failed to load resource: net::ERR_NAME_NOT_RESOLVED @ https://dps.jp.cinarra.com/pxd?PLATFORM_ID=1&USER_ID=0bb72c7a-82c2-860b-e9f2-6bc75422df73:0
[   17099ms] [ERROR] Failed to load resource: net::ERR_CONNECTION_REFUSED @ https://cs.nex8.net/cs/openx:0
[   40463ms] [WARNING] The resource https://www.app.com/global-q1a2z32er+CyyEkg4S2llcfyqK7cX3rtM.min.json was preloaded using link preload but not used within a few seconds from the window's load event. Please make sure it has an appropriate `as` value and it is preloaded intentionally. @ https://www.app.com/?variant=b:0
[   40470ms] [ERROR] Failed to load resource: net::ERR_NAME_NOT_RESOLVED @ https://match.rundsp.com/redirect?ex=openx:0
[   15119ms] [ERROR] Failed to load resource: net::ERR_NAME_NOT_RESOLVED @ https://dps.jp.cinarra.com/pxd?PLATFORM_ID=1&USER_ID=0bb72c7a-82c2-860b-e9f2-6bc75422df73:0
[   17099ms] [ERROR] Failed to load resource: net::ERR_CONNECTION_REFUSED @ https://cs.nex8.net/cs/openx:0
[   40470ms] [ERROR] Failed to load resource: net::ERR_NAME_NOT_RESOLVED @ https://match.rundsp.com/redirect?ex=openx:0
[   15119ms] [ERROR] Failed to load resource: net::ERR_NAME_NOT_RESOLVED @ https://dps.jp.cinarra.com/pxd?PLATFORM_ID=1&USER_ID=0bb72c7a-82c2-860b-e9f2-6bc75422df73:0
[   17099ms] [ERROR] Failed to load resource: net::ERR_CONNECTION_REFUSED @ https://cs.nex8.net/cs/openx:0
[   40470ms] [ERROR] Failed to load resource: net::ERR_NAME_NOT_RESOLVED @ https://match.rundsp.com/redirect?ex=openx:0
[   40926ms] [ERROR] Failed to load resource: net::ERR_NAME_NOT_RESOLVED @ https://j.mrpdata.net/c.html?ex=OpenX:0
[   41164ms] [ERROR] Failed to load resource: net::ERR_NAME_NOT_RESOLVED @ https://j.mrpdata.net/c.html?ex=OpenX:0
[   41470ms] [ERROR] Failed to load resource: the server responded with a status of 410 (Gone) @ https://ads.stickyadstv.com/pbs-user-sync?gdpr=&gdpr_consent=&us_privacy=&gpp=&gpp_sid=&r=https%3A%2F%2Fcookies.nextmillmedia.com%2Fsetuid%3Fbidder%3Dfreewheel-ssp%26nmuid%3D%26gdpr%3D%26gdpr_consent%3D%26us_privacy%3D%26uid%3D%7Bviewerid%7D:0
[   15119ms] [ERROR] Failed to load resource: net::ERR_NAME_NOT_RESOLVED @ https://dps.jp.cinarra.com/pxd?PLATFORM_ID=1&USER_ID=0bb72c7a-82c2-860b-e9f2-6bc75422df73:0
[   17099ms] [ERROR] Failed to load resource: net::ERR_CONNECTION_REFUSED @ https://cs.nex8.net/cs/openx:0
[   40470ms] [ERROR] Failed to load resource: net::ERR_NAME_NOT_RESOLVED @ https://match.rundsp.com/redirect?ex=openx:0
[   40926ms] [ERROR] Failed to load resource: net::ERR_NAME_NOT_RESOLVED @ https://j.mrpdata.net/c.html?ex=OpenX:0
[   41164ms] [ERROR] Failed to load resource: net::ERR_NAME_NOT_RESOLVED @ https://j.mrpdata.net/c.html?ex=OpenX:0
[   42962ms] [ERROR] Failed to load resource: the server responded with a status of 400 () @ https://match.prod.bidr.io/cookie-sync/see:0
[   43144ms] [ERROR] Failed to load resource: the server responded with a status of 424 (Failed Dependency) @ https://t.adx.opera.com/pub/sync?pubid=pub10101531197440&gdpr=1&gdpr_consent=:0
[   71304ms] [WARNING] The resource https://www.app.com/global-q1a2z32er+CyyEkg4S2llcfyqK7cX3rtM.min.json was preloaded using link preload but not used within a few seconds from the window's load event. Please make sure it has an appropriate `as` value and it is preloaded intentionally. @ https://www.app.com/?variant=b:0
[   78372ms] [WARNING] The resource https://www.app.com/global-q1a2z32er+CyyEkg4S2llcfyqK7cX3rtM.min.json was preloaded using link preload but not used within a few seconds from the window's load event. Please make sure it has an appropriate `as` value and it is preloaded intentionally. @ https://www.app.com/?variant=b:0
[   88021ms] [WARNING] The resource https://www.app.com/global-q1a2z32er+CyyEkg4S2llcfyqK7cX3rtM.min.json was preloaded using link preload but not used within a few seconds from the window's load event. Please make sure it has an appropriate `as` value and it is preloaded intentionally. @ https://www.app.com/?variant=b:0
[   99341ms] [WARNING] The resource https://www.app.com/global-q1a2z32er+CyyEkg4S2llcfyqK7cX3rtM.min.json was preloaded using link preload but not used within a few seconds from the window's load event. Please make sure it has an appropriate `as` value and it is preloaded intentionally. @ https://www.app.com/?variant=b:0
[  129643ms] [WARNING] The resource https://www.app.com/global-q1a2z32er+CyyEkg4S2llcfyqK7cX3rtM.min.json was preloaded using link preload but not used within a few seconds from the window's load event. Please make sure it has an appropriate `as` value and it is preloaded intentionally. @ https://www.app.com/?variant=b:0
[  155536ms] [WARNING] The resource https://www.app.com/global-q1a2z32er+CyyEkg4S2llcfyqK7cX3rtM.min.json was preloaded using link preload but not used within a few seconds from the window's load event. Please make sure it has an appropriate `as` value and it is preloaded intentionally. @ https://www.app.com/?variant=b:0
[  160226ms] [WARNING] The resource https://www.app.com/global-q1a2z32er+CyyEkg4S2llcfyqK7cX3rtM.min.json was preloaded using link preload but not used within a few seconds from the window's load event. Please make sure it has an appropriate `as` value and it is preloaded intentionally. @ https://www.app.com/?variant=b:0
[  190995ms] [WARNING] The resource https://www.app.com/global-q1a2z32er+CyyEkg4S2llcfyqK7cX3rtM.min.json was preloaded using link preload but not used within a few seconds from the window's load event. Please make sure it has an appropriate `as` value and it is preloaded intentionally. @ https://www.app.com/?variant=b:0
[  221573ms] [WARNING] The resource https://www.app.com/global-q1a2z32er+CyyEkg4S2llcfyqK7cX3rtM.min.json was preloaded using link preload but not used within a few seconds from the window's load event. Please make sure it has an appropriate `as` value and it is preloaded intentionally. @ https://www.app.com/?variant=b:0
[  248162ms] [WARNING] The resource https://www.app.com/global-q1a2z32er+CyyEkg4S2llcfyqK7cX3rtM.min.json was preloaded using link preload but not used within a few seconds from the window's load event. Please make sure it has an appropriate `as` value and it is preloaded intentionally. @ https://www.app.com/?variant=b:0
[  252484ms] [WARNING] The resource https://www.app.com/global-q1a2z32er+CyyEkg4S2llcfyqK7cX3rtM.min.json was preloaded using link preload but not used within a few seconds from the window's load event. Please make sure it has an appropriate `as` value and it is preloaded intentionally. @ https://www.app.com/?variant=b:0
[  283168ms] [WARNING] The resource https://www.app.com/global-q1a2z32er+CyyEkg4S2llcfyqK7cX3rtM.min.json was preloaded using link preload but not used within a few seconds from the window's load event. Please make sure it has an appropriate `as` value and it is preloaded intentionally. @ https://www.app.com/?variant=b:0
[  290359ms] [WARNING] The resource https://www.app.com/global-q1a2z32er+CyyEkg4S2llcfyqK7cX3rtM.min.json was preloaded using link preload but not used within a few seconds from the window's load event. Please make sure it has an appropriate `as` value and it is preloaded intentionally. @ https://www.app.com/?variant=b:0
[  308628ms] [WARNING] The resource https://www.app.com/global-q1a2z32er+CyyEkg4S2llcfyqK7cX3rtM.min.json was preloaded using link preload but not used within a few seconds from the window's load event. Please make sure it has an appropriate `as` value and it is preloaded intentionally. @ https://www.app.com/?variant=b:0
[  313961ms] [WARNING] The resource https://www.app.com/global-q1a2z32er+CyyEkg4S2llcfyqK7cX3rtM.min.json was preloaded using link preload but not used within a few seconds from the window's load event. Please make sure it has an appropriate `as` value and it is preloaded intentionally. @ https://www.app.com/?variant=b:0
[  344685ms] [WARNING] The resource https://www.app.com/global-q1a2z32er+CyyEkg4S2llcfyqK7cX3rtM.min.json was preloaded using link preload but not used within a few seconds from the window's load event. Please make sure it has an appropriate `as` value and it is preloaded intentionally. @ https://www.app.com/?variant=b:0
[  369218ms] [WARNING] The resource https://www.app.com/global-q1a2z32er+CyyEkg4S2llcfyqK7cX3rtM.min.json was preloaded using link preload but not used within a few seconds from the window's load event. Please make sure it has an appropriate `as` value and it is preloaded intentionally. @ https://www.app.com/?variant=b:0
[  375611ms] [WARNING] The resource https://www.app.com/global-q1a2z32er+CyyEkg4S2llcfyqK7cX3rtM.min.json was preloaded using link preload but not used within a few seconds from the window's load event. Please make sure it has an appropriate `as` value and it is preloaded intentionally. @ https://www.app.com/?variant=b:0
